<?xml version="1.0" encoding="UTF-8"?>
<!-- Generated by org.testng.reporters.JUnitReportReporter -->
<testsuite hostname="C02CCE8TMD6M" failures="0" tests="6" name="api.test.DDTests" time="8.629" errors="0" timestamp="2023-05-09T10:54:59 IST" skipped="0">
  <testcase classname="api.test.DDTests" name="testPostUser" time="1.154"/>
  <system-out/>
  <testcase classname="api.test.DDTests" name="testPostUser" time="2.264"/>
  <system-out/>
  <testcase classname="api.test.DDTests" name="testPostUser" time="1.484"/>
  <system-out/>
  <testcase classname="api.test.DDTests" name="testDeleteUserByName" time="1.318"/>
  <system-out/>
  <testcase classname="api.test.DDTests" name="testDeleteUserByName" time="1.236"/>
  <system-out/>
  <testcase classname="api.test.DDTests" name="testDeleteUserByName" time="1.173"/>
  <system-out/>
</testsuite> <!-- api.test.DDTests -->
