<?xml version="1.0" encoding="UTF-8"?>
<!-- Generated by org.testng.reporters.JUnitReportReporter -->
<testsuite hostname="C02CCE8TMD6M" failures="0" tests="4" name="api.test.UserTests" time="7.267" errors="0" timestamp="2023-05-09T10:55:57 IST" skipped="0">
  <testcase classname="api.test.UserTests" name="testPostUser" time="2.436"/>
  <system-out/>
  <testcase classname="api.test.UserTests" name="testGetUserByName" time="1.196"/>
  <system-out/>
  <testcase classname="api.test.UserTests" name="testUpdateUserByName" time="2.381"/>
  <system-out/>
  <testcase classname="api.test.UserTests" name="testDeleteUserByName" time="1.254"/>
  <system-out/>
</testsuite> <!-- api.test.UserTests -->
